59 11 29 47 1 38 32 7 58 61 12 92 22 30 74 16 97 24 60 42 46 86 15 2 28 43 77 17 80 52 20 4 48 57 5 51 8 85 87 37 39 64 76 95 62 63 88 9 34 68 13 10 56 82 27 14 26 6 21 19
59 11
59 29
59 47
11 58
11 60
29 1
29 38
29 32
47 7
47 92
47 80
1 30
1 15
1 28
38 97
38 77
38 4
32 2
32 57
7 48
58 61
58 42
58 46
58 86
61 12
12 62
12 63
92 22
92 51
92 82
30 74
30 52
74 16
97 24
42 5
42 88
86 20
28 43
43 6
77 17
77 64
17 76
52 9
52 26
20 85
20 87
4 37
4 39
57 10
51 8
85 68
64 34
64 13
76 95
62 27
88 21
68 14
10 56
82 19