37 34 40 31 43 28 46 25 22 49 19 16 52 13 10 7 4 1 98 55 58 95 61 64 92 67 89 70 73 86 76 83 79 80 82 77 85 74 88 71 91 68 65 94 62 97 59 56 0 53 3 6 9 50 12 15 18 21 47 24 27 44 30 33 41 36 38 39 35 42 32 45 29 48 26 23 51 20 17 54 14 11 8 5 2 99 57 60 96 63 66 93 69 90 72 87 75 78
37 34
37 40
34 31
40 43
31 28
43 46
28 25
46 49
25 22
22 19
49 52
19 16
16 13
52 55
13 10
10 7
7 4
4 1
1 98
98 95
55 58
58 61
95 92
61 64
64 67
92 89
67 70
89 86
70 73
73 76
86 83
76 79
83 80
79 82
80 77
82 85
77 74
85 88
74 71
88 91
71 68
91 94
68 65
65 62
94 97
62 59
97 0
59 56
56 53
0 3
53 50
3 6
6 9
9 12
50 47
12 15
15 18
18 21
21 24
47 44
24 27
27 30
44 41
30 33
33 36
41 38
36 39
38 35
39 42
35 32
42 45
32 29
45 48
29 26
48 51
26 23
23 20
51 54
20 17
17 14
54 57
14 11
11 8
8 5
5 2
2 99
99 96
57 60
60 63
96 93
63 66
66 69
93 90
69 72
90 87
72 75
75 78