4 3 5 49 6 48 1 50 0 7 8 9 47 51 10 46 52 13 12 15 45 53 16 17 18 19 20 21 22 23 24 44 54 43 55 42 56 41 57 40 58 39 59 38 60 25 37 61 26 36 62 27 35 63 28 34 29 33 30 32 64 65 66 67 68 69 70 71 72 73 74 75 76 77 78 79 80 81 82 83 84 85 86 87 88 89 90 91 92 93 94 95 96 97 98
4 3
4 5
3 49
5 6
49 48
49 1
49 50
6 7
48 47
1 0
50 51
7 8
8 9
9 10
47 46
51 52
10 13
46 45
52 53
13 12
13 15
12 17
15 16
45 44
53 54
17 18
18 19
19 20
20 21
21 22
22 23
23 24
24 25
44 43
54 55
43 42
55 56
42 41
56 57
41 40
57 58
40 39
58 59
39 38
59 60
38 37
60 61
25 26
37 36
61 62
26 27
36 35
62 63
27 28
35 34
63 64
28 29
34 33
29 30
33 32
64 65
65 66
66 67
67 68
68 69
69 70
70 71
71 72
72 73
73 74
74 75
75 76
76 77
77 78
78 79
79 80
80 81
81 82
82 83
83 84
84 85
85 86
86 87
87 88
88 89
89 90
90 91
91 92
92 93
93 94
94 95
95 96
96 97
97 98