37 38 39 36 34 41 42 40 43 45 33 46 31 48 51 53 54 29 27 26 56 57 59 60 62 23 22 20 64 17 18 65 66 68 69 70 71 14 11 13 12 74 9 8 75 76 78 7 6 5 80 82 83 84 2 98 1 86 87 97 96 89 93
37 38
38 39
38 41
39 36
36 34
34 33
41 42
42 40
40 43
43 45
45 46
45 48
33 31
31 29
48 51
51 53
53 54
54 56
54 57
29 27
27 26
26 23
56 59
57 60
60 62
62 64
23 22
22 20
20 17
20 18
64 65
64 66
17 14
66 68
68 69
68 70
69 71
71 74
14 11
11 13
13 12
12 9
74 75
74 76
9 8
8 7
8 6
75 78
78 80
7 5
5 2
80 82
82 83
82 84
83 86
84 87
2 98
98 1
98 96
1 97
86 89
96 93