99 98 0 97 1 2 96 95 3 4 94 93 5 6 92 91 7 8 90 89 9 10 88 87 11 12 86 85 13 14 84 83 15 16 82 81 17 18 80 79 19 20 78 77 21 22 76 75 23 24 74 73 25 26 72 71 27 28 70 69 29 30 68 67 31 32 66 65 33 34 64 63 35 36 62 61 37 38 60 59 39 40 58 57 41 42 56 55 43 44 54 53 45 46 52 47 48 49
99 98
99 0
98 97
0 1
97 96
1 2
2 3
96 95
95 94
3 4
4 5
94 93
93 92
5 6
6 7
92 91
91 90
7 8
8 9
90 89
89 88
9 10
10 11
88 87
87 86
11 12
12 13
86 85
85 84
13 14
14 15
84 83
83 82
15 16
16 17
82 81
81 80
17 18
18 19
80 79
79 78
19 20
20 21
78 77
77 76
21 22
22 23
76 75
75 74
23 24
24 25
74 73
73 72
25 26
26 27
72 71
71 70
27 28
28 29
70 69
69 68
29 30
30 31
68 67
67 66
31 32
32 33
66 65
65 64
33 34
34 35
64 63
63 62
35 36
36 37
62 61
61 60
37 38
38 39
60 59
59 58
39 40
40 41
58 57
57 56
41 42
42 43
56 55
55 54
43 44
44 45
54 53
53 52
45 46
46 47
47 48
48 49