69 68 70 71 67 72 26 5 77 73 99 33 61 60 62 63 25 27 59 34 20 76 78 98 97 24 28 79 4 64 6 32 21 3 88 35 7 58 2 23 29 18 87 89 84 96 17 8 80 57 36 81 90 37 9 95 56 10 50 45 16 38 51 94 15 14 42 52 11 46 53 47
69 68
69 70
68 67
70 71
71 72
71 26
67 5
67 77
72 73
72 99
72 33
72 61
26 25
26 27
5 4
77 76
77 78
99 98
33 32
61 60
61 62
60 59
60 34
60 20
62 63
63 64
25 24
27 28
59 58
34 35
20 21
78 79
98 97
97 96
24 23
28 29
79 80
4 3
4 88
64 6
6 7
32 84
3 2
88 87
88 89
35 36
7 8
58 57
23 18
18 17
89 90
96 95
17 16
8 9
80 81
57 56
36 37
90 50
90 45
37 38
9 10
95 94
10 11
50 51
45 46
16 15
51 42
51 52
15 14
52 53
46 47