10 9 11 28 12 8 7 6 85 98 13 14 5 78 86 84 15 27 29 23 4 3 90 57 20 2 19 1 72 16 24 96 30 76 56 89 31 73 69 34 42 67 83 32 60 48 35 45 80 61 49 93 54 65 36 53 64 50 37 41 38
10 9
10 11
10 28
9 8
9 85
11 12
28 27
28 29
28 23
12 13
8 7
8 98
7 6
6 5
6 78
85 86
85 84
13 14
14 15
5 4
78 34
84 89
84 83
15 16
29 30
29 76
23 24
23 96
4 3
4 90
4 57
4 20
3 2
57 56
20 19
2 1
1 72
72 73
72 69
30 31
76 42
76 67
56 45
56 93
31 32
31 60
31 48
34 35
34 80
42 41
32 54
60 61
48 49
35 36
45 65
49 50
54 53
65 64
36 37
37 38