88 87 78 86 68 85 58 84 95 74 48 59 47 83 94 75 38 49 57 69 82 28 96 81 18 79 73 64 39 97 71 17 93 37 46 89 61 16 72 29 76 65 92 51 15 56 27 62 19 91 41 52 42 14 26 25 24 9 90 8 80 7 70 31 40 13 4 63 53 36 35 21 32 34 30 3 20 2 10
88 87
88 78
87 86
78 68
86 85
68 58
85 84
85 95
85 74
58 48
58 59
58 47
84 83
95 94
95 96
74 75
74 73
74 64
48 38
48 57
59 49
59 69
47 37
47 46
83 82
94 93
75 76
75 65
38 28
49 39
69 79
82 81
28 18
96 97
81 71
18 17
79 89
73 72
64 63
39 29
71 61
17 16
93 92
37 27
46 56
46 36
61 51
16 15
72 62
29 19
92 91
51 41
15 14
27 26
62 52
19 9
91 90
41 31
41 40
52 42
42 32
14 13
14 4
26 25
25 24
9 8
90 80
8 7
80 70
31 21
40 30
4 3
63 53
36 35
35 34
30 20
3 2
20 10