78 17 32 54 56 69 72 79 35 3 77 92 22 82 19 24 76 14 10 42 18 28 2 67 68 15 9 70 43 96 46 7 65 13 57 40 33 59 52 49 71 1 25 5 80 81 39 89 74 60 6 88 41 11 16 85 0 23 30 20 21 90
78 17
78 32
78 54
78 56
78 69
78 72
78 79
17 77
17 24
17 76
32 2
32 43
32 96
54 82
54 9
54 70
56 10
69 35
69 14
72 15
79 18
79 28
35 3
35 59
77 92
92 22
92 89
82 19
76 42
14 67
14 68
10 57
42 60
18 80
18 81
28 1
2 33
67 65
68 40
15 71
9 52
70 49
43 46
43 6
96 23
46 7
65 13
57 74
40 5
33 39
59 11
52 25
1 30
25 0
5 41
81 88
74 16
88 21
41 85
85 20
21 90