20 58 36 52 16 37 90 11 0 92 83 74 27 26 21 54 70 49 68 39 31 43 42 23 67 2 9 29 69 14 79 55 48 50 45 64 81 19 17 22 77 78 82 13 75 71 85 89 46 96 60 86 87 57 1 95 40 4 47
20 58
20 36
20 52
58 11
58 0
58 92
36 16
36 37
36 90
52 83
37 39
11 74
0 54
0 70
83 27
74 26
27 21
26 43
21 69
54 23
70 49
70 68
49 67
68 2
39 31
31 55
43 42
42 29
42 45
23 9
2 64
9 14
9 79
55 48
55 50
48 81
64 17
64 22
64 77
81 19
17 71
22 78
22 82
77 85
77 89
78 13
78 75
82 96
13 57
75 60
71 46
46 86
46 87
87 1
57 95
1 40
40 4
40 47