35 30 34 36 39 50 28 29 31 32 33 38 42 49 72 8 48 57 56 58 47 46 6 7 9 14 15 51 5 19 13 71 74 2 10 16 44 4 0 3 45 11 18 20 21 1 60 22 12 23 76 52 24 70 25 61 54 69 73 75 87 88 82 66 77 89 81 83 80
35 30
35 34
35 36
35 39
35 50
30 28
30 29
30 31
30 33
34 32
39 38
39 42
50 49
50 72
28 8
49 48
49 57
72 71
72 74
8 6
8 7
8 9
8 14
48 47
57 56
57 58
56 60
47 46
47 51
6 5
9 19
14 15
14 13
51 52
5 4
19 44
19 45
13 2
13 10
13 16
71 70
74 76
10 0
10 3
0 1
3 11
11 18
11 20
11 21
20 22
1 12
60 61
22 23
23 24
76 75
76 87
52 54
24 25
70 69
70 73
69 66
73 77
75 82
87 88
88 89
82 81
82 83
81 80