3 0 2 4 6 1 98 5 95 9 99 7 8 97 11 96 93 10 90 14 94 12 13 92 16 91 88 15 85 19 89 17 18 87 21 86 83 20 80 24 84 22 23 82 26 81 78 25 75 29 79 27 28 77 31 76 73 30 70 34 74 32 33 72 36 71 68 35 65 39 69 37 38 67 41 66 63 40 60 44 64 42 43 62 46 61 58 45 49 47 48 57 51 56
3 0
3 2
3 4
3 6
0 5
0 95
2 1
4 99
6 9
6 7
1 98
98 97
5 10
95 90
9 14
99 94
7 8
8 11
97 96
11 12
96 93
93 92
10 15
90 85
14 19
94 89
12 13
13 16
92 91
16 17
91 88
88 87
15 20
85 80
19 24
89 84
17 18
18 21
87 86
21 22
86 83
83 82
20 25
80 75
24 29
84 79
22 23
23 26
82 81
26 27
81 78
78 77
25 30
75 70
29 34
79 74
27 28
28 31
77 76
31 32
76 73
73 72
30 35
70 65
34 39
74 69
32 33
33 36
72 71
36 37
71 68
68 67
35 40
65 60
39 44
69 64
37 38
38 41
67 66
41 42
66 63
63 62
40 45
44 49
42 43
43 46
62 61
46 47
61 58
58 57
47 48
48 51
57 56