40 39 41 42 37 43 44 36 35 38 45 46 34 50 47 33 48 31 49 51 30 32 52 53 29 54 26 55 25 27 24 56 57 23 58 22 20 59 19 60 61 62 16 63 65 67 64 14 18 66 68 69 12 10 70 8 71 7 72 6 3 73 74 1 76 77 79 80 82 83 84 85 87 88 89 90 92 94 95 97 98
40 39
40 41
40 42
39 37
42 43
37 36
37 35
37 38
43 44
44 45
44 46
35 34
38 50
46 47
34 33
47 48
33 31
48 49
48 51
31 30
31 32
51 52
51 53
30 29
52 54
29 26
54 55
26 25
26 27
55 56
55 57
25 24
24 23
56 58
23 22
58 59
22 20
20 19
59 60
19 16
60 61
60 62
61 63
62 65
62 67
16 14
16 18
63 64
65 66
67 68
67 69
14 12
69 70
12 10
10 8
70 71
8 7
71 72
7 6
7 3
72 73
3 1
73 74
74 76
76 77
77 79
79 80
80 82
82 83
83 84
84 85
85 87
87 88
88 89
89 90
90 92
92 94
94 95
95 97
97 98