3 2 4 59 5 21 23 7 8 60 18 62 58 17 24 1 19 63 64 25 13 57 55 16 26 27 32 28 29 69 70 11 14 31 43 42 54 75 84 73 72 67 66 88 85 36 38 39 48 49 35 78 74 79 95 83 80 92 50 51 82
3 2
3 4
3 59
2 1
4 5
4 21
59 63
5 7
5 8
5 60
21 23
23 18
23 24
7 58
60 62
18 17
18 19
18 26
62 70
58 57
58 55
17 16
24 25
19 32
63 64
64 69
25 13
13 11
13 14
55 54
26 27
26 28
26 29
27 31
29 43
69 75
11 36
11 38
14 39
43 42
75 84
75 88
84 73
84 85
73 72
72 67
72 78
67 66
67 74
38 35
39 48
48 49
49 50
78 79
74 83
79 95
79 80
95 92
83 82
50 51