85 61 23 72 51 71 87 11 57 99 7 97 56 31 95 89 1 12 42 76 30 44 4 39 45 35 92 82 40 68 47 73 69 5 94 9 20 46 36 10 0 8 59 98 81 67 43 15 62 27 84 3 48 83 49 96 88 38 32 21 22 65 77 70 17 25
85 61
85 23
85 72
85 51
61 31
61 95
61 89
23 1
23 12
23 42
23 76
23 30
72 11
72 57
72 99
51 71
51 87
71 97
71 56
11 35
57 7
31 40
31 68
31 47
31 73
95 9
1 44
1 4
1 39
1 45
12 92
12 82
44 98
44 81
39 69
39 5
39 94
92 10
92 0
82 15
40 20
40 46
40 36
68 67
68 43
73 27
69 48
9 8
9 59
20 83
20 49
46 84
10 88
0 3
8 96
43 62
84 22
3 17
83 65
83 77
83 70
88 38
88 32
32 21
22 25