77 17 36 51 58 5 70 95 23 76 78 27 3 28 8 47 92 7 49 53 34 35 63 98 24 50 11 66 44 30 43 0 80 22 91 31 2 59 56 1 13 15 62 46 61 90 21 68 14 64 85 20 18 74 83 10 57 99 86 96
77 17
77 36
77 51
77 58
17 5
17 76
17 78
36 3
36 28
51 8
51 47
51 92
58 70
58 11
58 66
70 95
70 15
95 23
95 63
23 96
76 27
78 44
27 0
27 80
3 34
3 35
28 1
8 49
8 50
47 7
92 22
7 46
49 53
49 56
34 98
35 30
35 43
98 24
24 99
11 59
66 13
44 62
30 61
43 90
43 68
80 18
22 91
91 31
31 2
59 74
59 83
56 10
13 64
90 21
68 14
64 85
85 20
20 86
10 57