43 42 44 41 45 46 40 47 39 48 38 37 36 49 50 51 35 34 52 33 53 54 32 55 31 30 56 29 28 27 57 26 58 25 59 24 60 23 61 22 62 21 63 64 20 65 66 19 67 18 68 69 17 70 16 71 72 15 14 73 74 13 75 12 76 11 77 78 10 79 9 80 8 81 7 6 82 83 5 84 4 85 86 87 3 88 89 2 1 90 91 92 93 94 95 96 97 98
43 42
43 44
42 41
44 45
41 40
45 46
46 47
40 39
47 48
39 38
48 49
38 37
37 36
36 35
49 50
50 51
51 52
35 34
34 33
52 53
33 32
53 54
54 55
32 31
55 56
31 30
30 29
56 57
29 28
28 27
27 26
57 58
26 25
58 59
25 24
59 60
24 23
60 61
23 22
61 62
22 21
62 63
21 20
63 64
64 65
20 19
65 66
66 67
19 18
67 68
18 17
68 69
69 70
17 16
70 71
16 15
71 72
72 73
15 14
14 13
73 74
74 75
13 12
75 76
12 11
76 77
11 10
77 78
78 79
10 9
79 80
9 8
80 81
8 7
81 82
7 6
6 5
82 83
83 84
5 4
84 85
4 3
85 86
86 87
87 88
3 2
88 89
89 90
2 1
90 91
91 92
92 93
93 94
94 95
95 96
96 97
97 98