15 20 21 22 14 13 23 17 16 29 11 34 35 28 51 50 41 40 46 47 52 27 54 26 31 24 30 36 37 44 95 96 91 87 55 8 9 56 53 58 63 49 57 60 4 12 18 19 6 33 32 2 10 5 75 39 38 25 42 43 3 7 48 45 0 1 92 97 84 83 80 79 88 61 64 62 68 98 94 93 90 86 67 82 81 77 76 69
15 20
15 21
20 14
20 13
21 22
22 23
22 17
22 29
14 8
14 9
13 26
13 12
17 16
16 11
29 34
29 35
29 51
29 50
11 10
34 41
35 28
28 27
51 54
50 56
41 40
41 46
41 47
41 52
46 45
47 48
54 58
54 49
26 31
26 33
26 32
31 24
24 30
24 25
30 36
36 37
36 42
36 43
37 44
44 95
95 96
96 91
91 87
91 92
87 55
87 84
8 2
9 4
56 53
56 63
58 57
58 75
63 60
60 61
4 3
12 18
12 19
12 6
6 7
6 0
6 1
32 39
32 38
10 5
92 97
84 83
83 80
80 79
80 88
61 64
61 62
64 68
64 67
62 98
68 69
98 94
94 93
93 90
90 86
86 82
82 81
81 77
77 76