67 65 73 77 71 70 72 79 76 88 85 89 86 99 68 97 91 81 96 59 64 66 62 90 58 55 57 52 50 53 49 51 45 44 46 48 47 41 43 35 40 33 19 34 18 22 20 21 39 38 24 13 32 25 4 10 3 15 27 6 7 2
67 65
67 73
65 68
65 59
65 64
65 66
73 77
73 72
77 71
77 79
77 88
71 70
70 76
76 81
88 85
88 89
89 86
89 99
86 91
99 97
97 96
91 90
59 58
59 55
64 62
58 57
55 52
52 50
52 53
50 49
49 51
51 45
45 44
45 46
45 48
44 41
44 43
46 47
41 35
41 40
35 33
33 19
33 34
19 18
19 22
19 20
34 39
18 32
22 24
20 21
21 13
39 38
24 25
13 4
13 10
25 15
4 3
10 6
3 2
15 27
6 7