93 22 43 81 13 91 92 6 84 95 32 46 82 99 24 18 50 71 85 8 79 80 25 27 87 69 97 15 19 39 63 45 60 73 20 2 29 7 56 88 16 10 49 51 23 70 52 9 48 21 42 86 55 62 36 1 59 14 11
93 22
93 43
93 81
22 13
22 91
22 92
43 6
43 84
43 95
81 99
81 18
81 50
81 71
81 85
91 25
91 27
91 87
92 32
92 46
92 82
6 45
84 19
95 23
32 2
32 29
46 7
99 24
24 97
18 79
18 80
50 8
50 60
50 73
71 15
85 55
8 49
8 51
79 69
80 56
80 88
25 39
27 52
87 20
69 42
69 14
15 70
39 63
45 36
60 11
73 16
20 86
29 1
7 48
56 10
88 21
70 62
52 9
86 59