98 19 80 83 51 7 68 88 65 8 84 94 77 32 17 29 3 92 13 52 44 16 60 79 59 69 90 1 34 62 2 49 35 91 24 97 70 39 43 99 48 46 85 37 11 96 66 21 93 81 61 73 14 40 64 45 4 20 28 75 0 33 30 42 10 27 55 86 67 56 82 89 38 57 63 36 12 53 9 5 23 50 58 76 26 31 87 22 25 95 41 71 6 18 54 74 15 78
98 19
98 80
19 83
80 7
83 51
51 88
7 68
68 8
88 65
65 84
8 32
84 94
94 77
77 17
32 92
17 29
29 3
3 13
92 52
13 44
52 60
44 16
16 79
60 69
79 59
59 1
69 90
90 49
1 34
34 62
62 2
2 35
49 91
35 24
91 97
24 39
97 70
70 43
39 48
43 99
99 37
48 46
46 85
85 11
37 96
11 66
96 21
66 93
21 81
93 61
81 73
61 14
73 64
14 40
40 45
64 4
45 20
20 28
28 75
75 0
0 33
33 30
30 42
42 10
10 27
27 55
55 86
86 67
67 56
56 82
82 89
89 38
38 57
57 63
63 36
36 12
12 53
53 9
9 5
5 23
23 50
50 58
58 76
76 26
26 31
31 87
87 22
22 25
25 95
95 41
41 71
71 6
6 18
18 54
54 74
74 15
15 78