19 18 20 44 21 3 25 45 22 42 49 10 26 27 28 34 33 35 32 29 9 12 16 17 2 70 15 69 71 23 24 40 41 43 0 68 1 98 96 97 88 74 72 79 11 13 36 14 7 39 38 82 85 83 84 4 5 37 47 30 31 46 6 8 48 89 64 73 75 92 57 60 58 55 50
19 18
19 20
19 44
18 16
18 17
18 2
20 21
20 3
20 25
44 45
21 22
25 10
25 26
25 27
25 28
45 42
45 49
22 23
22 24
42 40
42 41
42 43
49 34
10 9
10 12
27 70
34 33
34 36
33 35
35 32
32 29
32 30
32 31
12 11
12 13
16 15
2 0
2 68
70 69
70 71
15 7
71 79
23 14
24 38
40 39
0 1
0 4
1 98
98 96
96 97
97 88
88 74
88 89
74 72
74 64
72 73
79 82
79 75
7 5
7 6
7 8
38 37
38 47
82 85
85 83
83 84
84 92
47 46
46 48
89 57
75 60
57 58
57 55
55 50