45 44 46 51 50 52 43 47 40 60 53 42 48 41 49 30 61 70 54 39 38 37 36 59 20 31 80 29 58 69 10 73 81 90 62 19 28 68 79 0 11 82 91 57 92 22 32 12 9 18 89 1 83 93 13 63 17 8 88 99 84 94 27 67 14 2 95 23 98 5 26 66 77 35 76
45 44
45 46
45 51
44 43
46 47
51 50
51 52
50 40
50 60
52 53
43 42
47 48
40 30
60 61
60 70
53 54
42 41
48 49
49 39
49 59
30 20
30 31
61 62
70 80
39 38
39 29
38 37
37 36
36 35
59 58
59 69
20 10
31 22
31 32
80 73
80 81
80 90
29 19
29 28
58 57
69 68
69 79
10 0
10 11
81 82
90 91
62 63
19 9
19 18
28 27
68 67
79 89
0 1
11 12
82 83
91 92
92 93
22 23
12 13
9 8
18 17
89 88
89 99
1 2
83 84
93 94
13 14
99 98
94 95
27 26
67 66
14 5
66 77
77 76