64 63 65 62 60 66 59 57 68 69 56 54 71 53 72 74 51 75 50 48 77 47 78 45 80 44 81 83 42 84 41 86 39 87 89 38 36 90 92 35 93 33 95 96 32 98 30 29 27 26 24 23 21 20 18 17 15 14 12 11 9 8 6 5 3 2
64 63
64 65
63 62
65 66
62 60
60 59
66 68
59 57
57 56
68 69
69 71
56 54
54 53
71 72
53 51
72 74
74 75
51 50
75 77
50 48
48 47
77 78
47 45
78 80
45 44
80 81
44 42
81 83
83 84
42 41
84 86
41 39
86 87
39 38
87 89
89 90
38 36
36 35
90 92
92 93
35 33
93 95
33 32
95 96
96 98
32 30
30 29
29 27
27 26
26 24
24 23
23 21
21 20
20 18
18 17
17 15
15 14
14 12
12 11
11 9
9 8
8 6
6 5
5 3
3 2