49 69 54 90 14 10 55 50 97 23 64 78 0 74 61 65 68 27 41 86 96 52 48 76 11 40 36 35 20 17 9 2 60 42 83 81 24 31 85 75 79 93 84 45 44 43 4 87 80 28 26 66 37 3 13 58 46 39
49 69
69 54
69 97
69 23
54 90
54 55
54 50
54 64
54 86
90 14
90 27
90 52
90 11
90 40
90 36
90 35
90 20
14 10
10 26
55 68
55 24
97 81
23 76
23 42
64 78
64 48
78 0
0 74
0 44
74 61
61 65
61 87
65 2
65 93
68 28
27 41
27 96
96 17
96 60
96 75
52 79
11 83
36 45
35 9
17 80
24 31
31 85
85 66
85 58
75 37
75 3
79 84
44 43
44 4
4 46
87 39
80 13