49 48 39 59 47 38 58 29 46 37 57 28 68 45 36 56 19 27 44 35 55 18 78 26 66 43 34 54 17 25 65 42 33 53 88 24 64 41 32 52 15 75 23 63 40 31 51 98 5 85 13 73 21 61 95 83 11 71 1 81 91
49 48
49 39
49 59
48 47
48 38
48 58
39 29
47 46
47 37
47 57
38 28
58 68
29 19
46 45
46 36
46 56
37 27
28 18
68 78
45 44
45 35
45 55
36 26
56 66
27 17
44 43
44 34
44 54
35 25
55 65
78 88
43 42
43 33
43 53
34 24
54 64
25 15
65 75
42 41
42 32
42 52
33 23
53 63
88 98
41 40
41 31
41 51
15 5
75 85
23 13
63 73
31 21
51 61
85 95
73 83
21 11
61 71
11 1
71 81
81 91