0 68 35 73 74 75 76 77 78 79 80 81 82 83 84 85 86 87 88 89 90 91 92 93 94 95 96 97 98 99 13 42 61 63 8 40 21 54 28 6 3 45 39 36 9 38 16 17 18 19 59 70 37 11 47 41 58 2 30 65 46 4 72 34
0 68
0 35
0 73
0 74
0 75
0 76
0 77
0 78
0 79
0 80
0 81
0 82
0 83
0 84
0 85
0 86
0 87
0 88
0 89
0 90
0 91
0 92
0 93
0 94
0 95
0 96
0 97
0 98
0 99
68 13
68 42
68 61
68 63
35 54
74 3
75 6
77 8
78 9
82 16
83 17
84 18
85 19
86 21
90 28
94 36
95 38
13 45
13 39
42 40
6 59
3 11
36 41
38 37
17 47
18 70
59 58
70 2
70 30
47 65
58 72
30 46
46 4
4 34