47 45 48 43 44 46 49 50 51 42 52 53 40 41 54 39 55 56 57 58 59 60 37 38 36 61 62 63 34 35 64 65 66 33 31 32 67 68 30 69 28 29 70 71 27 72 25 24 26 74 23 75 21 77 78 79 19 81 18 17 15 13 83 12 84 85 10 87 9 7 88 6 90 5 92 3 93 95 1 96 98
47 45
47 48
45 43
45 44
45 46
48 49
48 50
44 42
50 51
51 52
51 53
42 40
42 41
52 54
40 39
54 55
54 56
39 37
39 38
55 57
57 58
57 59
59 60
60 61
60 62
37 36
36 34
36 35
61 63
63 64
63 65
34 33
64 66
66 67
66 68
33 31
33 32
31 30
67 69
30 28
30 29
69 70
69 71
28 27
70 72
27 25
72 74
25 24
24 26
24 23
74 75
23 21
75 77
21 19
77 78
78 79
79 81
19 18
81 83
18 17
17 15
15 13
13 12
83 84
12 10
84 85
85 87
10 9
87 88
9 7
7 6
88 90
6 5
90 92
5 3
92 93
3 1
93 95
95 96
96 98