99 98 50 49 51 52 48 53 47 46 54 45 44 43 42 55 56 57 41 58 40 59 39 60 38 61 37 36 35 34 62 33 63 32 64 65 31 30 29 28 66 27 67 26 25 68 24 23 22 21 20 19 18 69 17 16 15 14 70 13 12 11 71 10 72 9 73 74 75 8 76 77 7 6 5 4 3 2 1 97 96 78 79 95 94 93 92 91 90 89 88 87 86 85 84 83 82
99 98
99 50
98 97
50 49
50 51
49 48
51 52
52 53
48 47
53 54
47 46
46 45
54 55
45 44
44 43
43 42
42 41
55 56
56 57
57 58
41 40
58 59
40 39
59 60
39 38
60 61
38 37
61 62
37 36
36 35
35 34
34 33
62 63
33 32
63 64
32 31
64 65
65 66
31 30
30 29
29 28
28 27
66 67
27 26
67 68
26 25
25 24
68 69
24 23
23 22
22 21
21 20
20 19
19 18
18 17
69 70
17 16
16 15
15 14
14 13
70 71
13 12
12 11
11 10
71 72
10 9
72 73
9 8
73 74
74 75
75 76
8 7
76 77
77 78
7 6
6 5
5 4
4 3
3 2
2 1
97 96
96 95
78 79
95 94
94 93
93 92
92 91
91 90
90 89
89 88
88 87
87 86
86 85
85 84
84 83
83 82