43 6 29 35 46 77 86 7 45 97 24 44 40 75 20 67 83 92 1 57 71 48 62 17 54 3 31 14 19 47 91 27 16 64 4 22 10 36 5 30 13 73 74 2 60 88 76 33 81 61 25 9 12 49 80 15 41 96 53 11
43 6
43 29
43 35
43 46
43 77
43 86
6 45
6 44
29 1
29 57
29 71
35 3
46 7
46 40
46 75
77 17
77 54
86 20
86 67
86 83
86 92
7 48
7 47
45 97
97 24
97 25
44 31
40 5
75 16
67 14
83 19
83 61
92 22
1 30
57 10
71 15
48 62
48 91
48 64
62 12
17 76
54 9
3 4
3 36
31 2
47 81
91 27
16 73
16 74
64 13
64 88
36 60
5 41
73 96
74 49
74 80
2 33
60 11
9 53