25 22 26 27 28 29 30 31 32 33 34 35 50 36 51 52 53 54 55 56 57 58 59 60 71 61 81 62 63 37 64 65 90 66 67 91 68 44 0 3 5 72 69 40 45 1 2 4 6 7 8 9 10 18 19 23 73 74 75 76 77 48 78 79
25 22
25 26
25 27
25 28
25 29
25 30
25 31
25 32
25 33
25 34
25 35
25 50
22 23
26 36
50 51
50 52
50 53
50 54
50 55
50 56
50 57
50 58
50 59
50 60
36 37
57 71
60 61
60 81
71 44
71 0
71 3
71 5
71 72
61 62
81 90
62 63
63 64
64 65
65 66
90 91
66 67
67 68
68 69
44 40
44 45
0 1
0 2
0 4
0 6
0 7
0 8
0 9
0 10
0 18
72 73
45 48
18 19
73 74
74 75
75 76
76 77
77 78
78 79