19 82 44 81 18 83 84 61 73 16 54 57 77 74 72 90 35 88 99 6 30 87 12 78 10 55 24 47 80 9 38 42 17 43 45 21 3 31 32 93 68 14 98 65 96 15 50 8 89 60 62 4 20 53 25 79 48 34 71 7 95 85
19 82
19 83
19 84
82 44
82 61
82 73
44 81
44 6
81 18
18 79
83 35
83 88
83 99
84 72
84 90
61 12
61 78
73 16
73 54
73 57
73 77
16 74
54 9
54 38
54 42
57 10
77 17
77 31
74 30
74 87
72 15
90 93
35 3
88 21
99 24
99 47
99 80
6 43
6 45
87 68
87 20
12 62
78 48
10 55
55 32
24 98
47 7
80 50
9 53
38 4
43 65
45 96
21 89
3 34
32 60
68 14
15 71
50 8
89 25
20 85
71 95