87 0 30 32 34 38 36 68 69 70 71 72 73 74 75 76 77 78 79 80 81 82 83 84 85 86 88 89 90 91 92 93 94 95 96 97 98 99 6 18 31 42 51 2 44 7 25 64 65 43 60 39 58 20 22 23 26 19 12 57 4 28 59 52 54 15
87 0
87 30
0 32
0 34
0 38
0 36
0 68
0 69
0 70
0 71
0 72
0 73
0 74
0 75
0 76
0 77
0 78
0 79
0 80
0 81
0 82
0 83
0 84
0 85
0 86
0 88
0 89
0 90
0 91
0 92
0 94
0 95
0 96
0 97
0 98
0 99
30 2
30 44
38 7
38 25
38 64
38 65
36 93
36 6
36 18
36 31
36 42
36 51
81 19
82 20
84 22
85 23
86 26
95 39
51 43
51 60
64 58
22 57
23 12
19 4
12 28
57 59
57 52
28 54
59 15