72 78 79 65 66 67 68 69 70 71 73 74 75 76 77 17 85 1 13 53 4 6 7 12 2 15 3 8 16 55 58 50 56 57 61 63 62 51 52 54 64 14 19 18 0 5 10 59 60 11 99 91 96 20 95 97 92 84 89 80 29 23 30 31 32 33 34 35 36 37 38 39 40
72 78
78 79
78 65
78 66
78 70
78 71
78 73
78 74
78 76
79 67
79 68
79 69
79 75
79 77
69 85
76 17
17 1
17 13
17 53
85 99
85 91
85 96
1 2
1 3
1 8
1 16
13 4
13 12
53 55
53 58
4 6
4 19
4 0
6 7
7 5
2 15
2 14
2 18
15 11
3 20
55 61
55 63
55 51
58 50
58 52
58 64
58 60
50 56
56 57
56 54
56 59
63 62
18 10
99 97
91 92
96 95
20 29
95 84
92 89
89 80
29 23
29 30
30 31
31 32
32 33
33 34
34 35
35 36
36 37
37 38
38 39
39 40