73 16 28 94 77 51 8 18 74 62 98 24 75 34 23 52 12 58 84 96 76 3 1 29 43 6 61 63 68 17 39 19 95 70 15 30 41 56 54 86 25 9 14 47 90 33 36 92 97 11 5 10 21 53 0 20 66 13 50 81
73 16
73 28
73 94
73 77
16 18
16 74
16 75
28 1
94 23
94 52
77 51
77 17
51 8
51 90
8 50
18 81
74 62
74 34
62 98
62 12
98 24
24 97
75 58
75 84
75 76
34 3
34 54
23 96
23 95
52 39
52 9
12 61
12 63
58 11
84 19
96 70
76 25
3 36
1 29
1 30
29 43
43 6
61 41
61 56
63 68
68 14
68 47
95 86
70 15
41 5
56 10
54 92
86 20
25 0
9 53
47 33
90 21
90 66
66 13