44 0 68 95 2 11 36 61 87 88 71 51 97 10 8 89 53 60 83 34 81 3 66 77 79 37 92 7 65 64 4 67 69 62 5 19 86 12 76 45 30 82 28 38 6 26 18 20 80 73 21 70 91 52 42 27 55 99 56 39 16 23 43 17 33 46 90
44 0
44 68
44 95
0 53
68 2
68 11
95 71
2 36
2 61
11 87
11 88
36 60
36 83
61 76
87 51
87 97
88 86
71 69
71 19
51 10
97 34
10 8
10 89
8 4
8 67
89 81
89 77
53 3
53 66
60 20
60 80
83 5
34 7
34 65
81 79
3 37
3 92
79 64
37 30
64 62
64 6
4 45
67 28
67 38
69 12
62 26
5 18
19 39
86 99
12 23
12 43
45 82
30 21
28 70
38 73
26 42
18 16
73 91
21 27
70 52
52 17
42 55
55 56
16 90
23 33
17 46