14 13 15 12 16 45 50 11 44 51 17 10 43 42 52 41 9 18 53 8 19 40 7 20 54 21 55 39 6 38 22 56 5 23 4 57 3 37 58 2 24 1 36 25 59 0 69 26 35 34 68 60 67 27 61 33 28 32 62 66 29 65
14 13
14 15
13 12
15 16
15 45
15 50
12 11
16 17
45 44
50 51
11 10
44 43
51 52
17 18
10 9
43 42
42 41
52 53
41 40
9 8
18 19
53 54
8 7
19 20
40 39
7 6
20 21
54 55
21 22
55 56
39 38
6 5
38 37
22 23
56 57
5 4
23 24
4 3
57 58
3 2
37 36
58 59
2 1
24 25
1 0
36 35
25 26
59 60
0 69
69 68
26 27
35 34
34 33
68 67
60 61
67 66
27 28
61 62
33 32
28 29
66 65