96 23 62 67 84 86 20 76 19 88 12 63 60 11 82 83 94 95 46 49 92 55 69 45 29 75 68 34 3 6 85 87 66 15 22 54 21 10 98 17 39 89 16 73 26 31 91 56 57 4 7 90 13 8 50 1 24 80 40 18 5 97
96 23
96 62
96 67
96 84
96 86
23 94
23 95
62 12
62 46
62 49
62 92
84 19
84 88
86 20
86 76
20 85
20 87
76 17
19 82
19 83
88 21
12 63
12 15
63 60
60 11
82 68
82 66
83 45
94 55
94 69
95 29
95 75
46 7
49 8
92 22
92 54
55 10
45 6
29 1
75 16
68 34
34 3
85 39
87 98
66 13
22 91
21 89
21 90
10 56
10 57
98 24
98 80
39 4
89 31
16 73
73 26
8 50
50 40
24 97
80 18
40 5