15 14 16 31 32 33 34 13 35 36 37 38 81 82 83 84 85 89 17 39 40 41 42 71 72 73 74 75 91 92 93 94 95 49 50 51 12 63 64 65 66 96 97 98 99 43 18 67 68 53 54 55 56 76 77 80 19 11 10 20 9 21 22 23 24 8 7 6 5 4 25 3 2 26 27 1 28 29
15 14
15 16
15 31
15 32
15 33
15 34
14 13
14 35
14 36
14 37
14 38
16 17
16 39
16 40
16 41
16 42
31 43
32 49
32 50
32 51
33 53
33 54
33 55
33 56
13 12
13 63
13 64
13 65
13 66
35 71
35 72
35 73
35 74
35 75
36 76
36 77
36 80
37 81
37 82
37 83
37 84
37 85
37 89
17 18
17 67
17 68
39 91
39 92
39 93
39 94
39 95
40 96
40 97
40 98
40 99
12 11
18 19
19 20
11 10
10 9
20 21
9 8
21 22
22 23
23 24
24 25
8 7
7 6
6 5
5 4
4 3
25 26
3 2
2 1
26 27
27 28
28 29