66 78 33 80 84 97 85 77 92 25 40 41 58 90 99 24 14 86 17 18 19 6 27 13 15 16 36 47 28 4 8 12 23 45 64 32 88 5 61 53 44 68 20 26 46 48 35 3 38 43 65 37 52 56 54 39 60 57 63 67 55 72
66 78
66 80
66 84
78 33
78 97
33 25
33 40
33 41
33 58
33 90
33 99
84 85
84 77
84 92
85 24
77 14
77 86
25 23
25 45
25 64
40 44
24 6
24 27
14 17
14 13
14 15
17 18
17 36
18 19
18 16
19 20
6 4
6 8
27 28
15 32
15 88
16 47
16 12
16 5
16 61
36 55
47 53
4 3
8 38
23 26
23 46
23 48
64 68
61 35
44 54
44 57
20 43
46 60
48 65
48 37
43 52
65 72
52 56
54 39
60 63
63 67