16 75 36 30 1 56 49 8 73 74 39 88 60 4 83 99 10 11 27 68 93 22 19 57 3 37 38 21 35 52 91 46 89 90 62 58 42 34 0 14 44 72 40 78 95 41 84 33 97 26 65 13 50 43 87 17 6 15 2 76 80 20
16 75
16 73
16 74
75 36
75 56
75 39
75 88
36 30
36 3
30 1
56 49
56 10
49 8
8 50
73 27
73 68
74 60
39 4
39 83
39 99
88 93
88 21
60 11
4 37
4 38
83 19
83 52
10 57
11 58
27 0
68 14
68 44
68 72
93 22
93 62
93 40
22 91
19 84
3 35
3 34
38 42
21 89
21 90
35 33
35 97
52 43
91 46
89 78
90 41
58 65
58 87
34 95
0 26
44 6
72 15
78 17
41 80
33 2
65 13
87 20
17 76