16 9 18 25 48 31 37 63 6 29 66 74 99 12 7 21 42 45 51 58 61 3 8 20 43 22 98 40 17 4 39 35 24 70 50 53 62 69 96 11 68 38 77 95 84 27 82 89 64 92 85 79 75 93 54 32 34 47 97
16 9
16 18
16 25
16 37
16 63
9 53
9 62
9 69
25 48
25 99
48 31
48 98
37 51
37 58
63 6
6 29
29 66
29 39
66 74
66 20
66 43
74 68
99 12
99 7
99 21
99 42
99 45
12 61
12 22
21 4
45 84
51 50
58 95
61 3
61 8
61 11
3 92
8 35
98 40
40 17
40 70
39 96
35 24
50 85
53 38
69 64
96 27
96 82
68 79
38 77
38 93
27 89
89 54
89 32
64 75
93 47
54 34
32 97