36 3 39 8 34 35 25 31 95 47 4 2 44 33 59 11 7 32 0 26 23 87 96 54 9 55 10 13 38 85 88 21 90 78 17 94 62 6 61 48 28 69 45 82 19 97 73 79 42 91 60 72 1 5 83 22 93 14 18 16 49
36 3
36 39
3 8
3 34
3 35
39 4
8 49
35 25
35 31
35 95
35 47
25 0
25 54
25 62
31 2
31 44
95 23
95 87
47 7
47 55
47 85
4 13
4 38
2 33
2 32
44 88
44 6
33 59
59 11
7 48
32 61
0 26
26 73
26 79
26 42
23 96
23 94
87 69
54 9
55 10
55 60
38 28
85 97
85 72
88 21
21 90
90 78
78 17
94 82
6 45
48 91
28 1
69 14
82 19
73 16
79 18
42 5
91 22
60 83
22 93