7 48 69 14 68 65 46 47 96 78 52 50 84 70 60 19 32 40 17 91 23 30 9 76 55 11 85 98 2 15 82 8 56 80 18 49 51 20 57 24 53 62 58 59 73 34 44 22 26 39 72 5 41 64 42 37 27 3 90 21
7 48
7 46
7 47
48 69
48 70
48 60
69 14
14 68
68 65
46 50
46 84
47 96
47 78
47 52
96 23
96 30
78 17
78 91
52 9
52 55
50 8
50 56
84 19
84 32
84 40
70 15
60 11
60 85
60 98
19 82
32 2
40 5
17 76
91 22
9 53
76 62
55 80
11 58
11 59
85 20
98 24
15 72
82 34
8 49
8 51
56 26
56 39
80 18
49 57
51 73
57 27
53 37
59 64
34 44
34 3
5 41
5 42
41 90
90 21