56 54 57 59 53 51 60 50 48 62 63 47 65 45 66 44 67 68 42 69 41 40 39 71 38 72 74 37 36 35 75 77 33 78 32 30 80 29 81 27 26 83 24 23 84 21 86 20 87 89 18 90 92 17 15 93 95 96 14 98 12 11 9 8 6 5 3 2
56 54
56 57
54 53
57 59
59 60
53 51
51 50
60 62
50 48
48 47
62 63
63 65
47 45
65 66
45 44
66 67
66 68
44 42
68 69
42 41
69 71
41 40
41 39
39 38
71 72
38 37
38 36
72 74
74 75
36 35
35 33
75 77
77 78
33 32
78 80
32 30
30 29
80 81
29 27
81 83
27 26
26 24
83 84
24 23
23 21
84 86
21 20
86 87
20 18
87 89
89 90
18 17
90 92
92 93
17 15
15 14
93 95
95 96
96 98
14 12
12 11
11 9
9 8
8 6
6 5
5 3
3 2