4 7 37 38 39 34 79 98 92 94 85 60 44 23 20 45 53 6 95 70 18 62 86 49 8 12 80 81 36 73 43 2 3 13 96 22 42 24 77 83 89 91 11 82 90 5 87 35 97 9 27 19 68 55 17 21 14 15 0 71
4 7
4 37
4 38
4 39
37 60
37 44
38 34
38 79
38 98
39 92
39 94
39 85
34 36
34 3
79 18
79 62
98 24
98 77
98 83
92 22
92 42
94 23
85 20
85 45
85 53
60 11
60 82
44 6
44 70
23 95
23 2
23 13
23 96
20 86
20 87
53 9
6 43
95 27
70 15
18 80
18 81
62 12
86 49
49 8
80 90
36 73
3 35
96 89
22 91
42 5
24 97
77 17
83 19
82 55
90 21
97 68
27 0
68 14
15 71