88 1 55 19 22 46 60 13 15 53 33 64 84 72 52 41 81 23 4 5 11 51 10 20 45 2 48 18 14 96 61 47 17 26 27 62 80 94 43 28 98 6 76 3 31 67 87 70 66 7 9 30 56 8 36 54 12 37 59 69 50
88 1
88 55
1 4
1 5
55 19
55 22
55 46
55 60
19 13
19 15
22 53
22 45
46 43
60 61
15 14
15 96
53 33
33 64
64 84
84 72
72 52
52 41
52 36
41 81
81 23
4 11
4 2
4 48
5 6
11 51
51 10
10 20
45 18
2 76
18 17
18 26
18 27
96 67
61 47
61 62
17 28
26 31
27 80
62 98
80 94
28 30
98 87
6 8
76 3
3 7
3 9
67 54
87 70
70 66
66 56
8 12
36 59
54 37
12 50
37 69