74 58 71 67 30 57 59 60 43 44 80 28 56 21 61 64 69 72 65 76 78 16 17 38 27 90 15 8 37 42 66 88 9 63 40 77 54 93 97 35 36 41 10 12 87 48 20 13 51 2 7 0 1 3 23 47 49 82 81 84
74 58
74 71
58 30
58 57
58 59
71 67
67 65
30 43
30 44
30 80
57 28
57 56
59 60
60 61
60 64
60 69
60 72
43 16
43 38
44 42
80 78
28 21
21 17
21 15
61 27
64 66
64 88
69 90
72 76
65 63
76 77
78 87
16 8
16 37
17 9
38 35
38 48
27 20
90 97
15 10
15 12
8 7
42 40
9 2
63 54
40 36
40 41
77 93
10 13
48 47
48 49
20 23
13 51
7 0
0 1
1 3
47 82
82 81
81 84