40 31 32 39 41 49 50 48 58 59 30 38 33 42 51 22 23 29 25 68 34 43 52 66 47 74 75 69 76 26 18 73 17 62 35 20 80 82 44 77 83 78 84 12 14 88 9 79 54 90 92 93 6 7 3 95 96 2 98
40 31
40 32
40 39
40 41
40 49
40 50
32 25
39 48
39 30
39 38
41 33
41 42
41 51
49 58
49 59
58 66
59 68
30 22
30 23
30 29
38 47
33 26
42 34
42 43
42 52
23 17
25 18
68 75
68 69
68 76
34 35
43 44
52 62
66 74
74 73
75 82
69 77
76 83
26 20
18 12
73 80
20 14
44 54
77 78
77 84
83 88
78 79
84 90
12 7
14 9
88 92
88 93
9 6
92 95
92 96
6 3
3 2
95 98