54 44 55 64 53 63 74 52 34 43 45 65 56 72 75 84 73 42 51 62 33 24 35 66 57 46 85 94 50 81 71 22 23 14 25 77 47 58 95 91 11 12 21 15 26 88 48 4 68 10 20 98 5 27 38 69 18 8
54 44
54 55
54 64
54 53
44 34
44 43
44 45
55 65
55 56
64 63
64 74
53 52
63 72
74 75
74 84
74 73
52 42
52 51
52 62
34 24
34 35
43 33
45 46
65 66
56 57
72 81
72 71
75 85
84 94
51 50
33 22
24 23
24 14
24 25
66 77
57 47
57 58
94 95
81 91
22 11
22 12
22 21
14 4
25 15
25 26
77 88
47 48
58 68
11 10
21 20
26 27
88 98
48 38
4 5
68 69
27 18
18 8