13 91 26 29 24 1 4 2 12 11 10 31 71 17 25 87 74 6 5 49 62 79 80 9 93 3 94 69 8 21 92 30 54 23 42 51 15 52 22 28 39 86 88 32 81 63 67 19 16 7 57 27 56 73 78 20 61 38 85 35 75 64 36 83 84 34 60 77
13 91
91 26
91 29
26 24
29 1
24 71
24 17
24 25
1 4
1 5
1 49
1 62
1 79
1 80
4 2
2 12
2 3
2 94
2 69
12 11
12 8
11 10
11 52
11 39
10 31
31 57
71 74
17 16
25 87
74 6
6 93
5 9
9 54
9 28
9 88
93 86
3 21
94 92
94 30
94 23
8 7
21 42
92 51
92 15
23 32
15 85
52 22
52 67
22 27
22 56
22 73
86 19
88 64
32 81
32 63
19 20
19 61
16 78
7 38
20 35
61 60
85 75
35 34
75 77
64 36
36 83
83 84