69 70 68 67 66 65 71 64 72 73 63 74 62 75 76 61 77 60 78 79 59 58 80 81 57 82 56 55 83 84 85 54 86 87 53 88 89 52 51 90 50 91 92 49 93 94 48 95 96 47 46 97 45 98 44 43 42 41 40 39 38 37 36 35 34 33 32 31 30 29 28 27 26 25 24 23 22 21 20 19 18 17 16 15 14 13 12 11 10 9 8 7 6 5 4 3 2 1
69 70
69 68
70 71
68 67
67 66
66 65
65 64
71 72
64 63
72 73
73 74
63 62
74 75
62 61
75 76
76 77
61 60
77 78
60 59
78 79
79 80
59 58
58 57
80 81
81 82
57 56
82 83
56 55
55 54
83 84
84 85
85 86
54 53
86 87
87 88
53 52
88 89
89 90
52 51
51 50
90 91
50 49
91 92
92 93
49 48
93 94
94 95
48 47
95 96
96 97
47 46
46 45
97 98
45 44
44 43
43 42
42 41
41 40
40 39
39 38
38 37
37 36
36 35
35 34
34 33
33 32
32 31
31 30
30 29
29 28
28 27
27 26
26 25
25 24
24 23
23 22
22 21
21 20
20 19
19 18
18 17
17 16
16 15
15 14
14 13
13 12
12 11
11 10
10 9
9 8
8 7
7 6
6 5
5 4
4 3
3 2
2 1