63 62 64 61 65 60 59 58 66 57 67 68 69 70 56 55 54 71 53 72 73 52 74 75 76 51 77 50 49 48 47 78 79 46 45 80 44 81 82 43 83 84 85 86 87 42 88 89 41 90 40 91 92 93 39 38 94 95 37 96 36 97 35 34 98 33 32 31 30 29 28 27 26 25 24 23 22 21 20 19 18 17 16 15 14 13 12 11 10 9 8 7 6 5 4 3 2 1
63 62
63 64
62 61
64 65
61 60
65 66
60 59
59 58
58 57
66 67
57 56
67 68
68 69
69 70
70 71
56 55
55 54
54 53
71 72
53 52
72 73
73 74
52 51
74 75
75 76
76 77
51 50
77 78
50 49
49 48
48 47
47 46
78 79
79 80
46 45
45 44
80 81
44 43
81 82
82 83
43 42
83 84
84 85
85 86
86 87
87 88
42 41
88 89
89 90
41 40
90 91
40 39
91 92
92 93
93 94
39 38
38 37
94 95
95 96
37 36
96 97
36 35
97 98
35 34
34 33
33 32
32 31
31 30
30 29
29 28
28 27
27 26
26 25
25 24
24 23
23 22
22 21
21 20
20 19
19 18
18 17
17 16
16 15
15 14
14 13
13 12
12 11
11 10
10 9
9 8
8 7
7 6
6 5
5 4
4 3
3 2
2 1