38 33 34 30 39 42 46 26 27 29 31 35 36 40 41 45 24 48 47 49 50 53 23 22 20 16 57 17 54 61 62 60 66 11 12 63 67 69 7 15 13 73 3 4 8 75 68 78 72 74 82 76 79 86 87 88 92 96 85 91 94
38 33
38 34
34 30
34 39
30 26
30 27
30 29
30 31
30 35
39 42
42 46
46 48
26 23
27 24
35 36
35 40
36 41
40 45
45 47
24 22
48 50
47 49
50 53
53 57
23 20
22 17
20 16
16 11
57 54
57 61
57 62
17 12
61 60
61 66
62 63
62 67
66 69
11 15
12 7
12 13
63 68
67 72
69 73
7 3
7 4
7 8
73 75
75 78
78 82
72 74
74 76
82 86
82 87
76 79
86 85
86 91
87 88
87 92
92 96
91 94