2 0 4 6 98 1 3 99 96 8 5 94 10 97 12 92 7 9 14 90 95 16 11 93 88 13 18 86 84 15 20 91 22 24 26 17 28 30 82 89 80 19 87 32 78 21 34 85 76 83 23 74 36 25 38 81 72 79 27 40 77 70 29 42 31 33 68 44 75 46 66 35 48 73 64 37 62 39 50 71 69 60 58 56 41 67 65 43 63 45 61 47 59 57 55 53
2 0
2 4
0 98
0 1
4 6
6 8
98 96
1 3
1 99
3 5
99 97
96 94
8 10
5 7
94 92
10 12
97 95
12 14
92 90
7 9
9 11
14 16
90 88
95 93
16 18
11 13
93 91
88 86
13 15
18 20
86 84
84 82
15 17
20 22
91 89
22 24
24 26
26 28
17 19
28 30
30 32
82 80
89 87
80 78
19 21
87 85
32 34
78 76
21 23
34 36
85 83
76 74
83 81
23 25
74 72
36 38
25 27
38 40
81 79
72 70
79 77
27 29
40 42
77 75
70 68
29 31
42 44
31 33
33 35
68 66
44 46
75 73
46 48
66 64
35 37
48 50
73 71
64 62
37 39
62 60
39 41
71 69
69 67
60 58
58 56
41 43
67 65
65 63
43 45
63 61
45 47
61 59
59 57
57 55
55 53