44 6 54 59 9 52 38 4 12 43 45 77 11 33 57 65 74 67 94 70 15 23 53 87 20 58 60 41 56 95 66 17 88 13 49 83 2 10 47 26 16 98 24 78 81 5 64 14 8 73 0 36 21 91 19 40 7 30 3 22
44 6
44 54
44 59
6 12
6 43
6 45
54 9
54 74
54 67
54 94
59 11
59 33
59 57
9 52
9 53
52 38
38 4
38 98
43 65
45 77
77 70
77 17
77 88
11 58
11 60
33 2
57 10
57 47
65 13
65 49
65 83
74 16
67 14
94 23
70 15
53 87
53 26
87 20
58 41
58 56
58 95
58 66
60 81
41 5
95 36
17 78
88 21
88 91
13 64
49 8
83 19
47 7
47 30
26 0
16 73
98 24
5 40
36 3
91 22