58 11 30 75 1 59 52 9 60 47 66 68 72 15 16 99 83 53 42 73 74 33 56 13 50 86 96 54 24 84 90 98 14 39 7 4 10 64 65 25 23 92 70 71 2 19 36 21 62 67 97 77 22 80 43 12 8 0 6 17
58 11
58 30
58 75
11 59
11 60
30 1
75 72
75 16
59 52
59 47
59 66
59 68
52 9
52 33
52 56
9 53
9 54
60 99
47 7
66 13
66 50
68 14
68 39
72 15
72 86
72 96
15 70
15 71
16 73
16 74
99 83
99 24
99 84
99 90
99 98
83 19
53 42
73 36
74 25
74 92
33 2
56 10
13 64
13 65
50 8
96 23
96 43
24 97
84 80
90 21
90 62
14 67
39 4
25 0
92 22
71 77
62 12
77 17
43 6