38 4 91 96 71 23 95 35 61 12 94 73 16 37 39 29 45 41 15 31 50 22 47 7 80 5 70 72 63 25 92 88 21 93 8 81 53 85 83 6 2 1 59 66 86 13 36 28 49 97 42 18 33 68 14 9 44 98 51 78 46 0 57 11
38 4
38 91
38 96
38 71
4 37
4 39
91 22
91 47
96 23
71 61
71 15
71 31
71 50
23 95
23 94
95 35
95 80
61 12
61 85
61 83
12 63
94 73
73 16
37 25
39 29
39 45
39 41
29 1
45 6
41 5
41 66
41 86
15 70
15 72
31 2
31 36
50 8
22 92
22 93
47 7
7 46
5 42
70 53
72 81
25 59
25 0
92 88
88 21
8 49
8 51
81 18
53 9
6 44
2 33
1 28
59 11
66 13
49 97
42 68
68 14
44 98
51 78
46 57