60 35 61 34 36 62 80 37 38 85 89 56 63 33 32 39 84 40 83 41 90 42 43 91 0 79 78 64 31 30 29 1 77 65 69 28 27 66 26 2 3 70 71 81 72 25 4 82 5 6 92 67 24 7 94 95 23 22 68 73 21 8 9 20 12 13 19 18 17 14
60 35
60 61
35 34
35 36
61 62
61 80
34 33
36 37
62 63
80 79
37 38
37 85
38 39
38 84
85 89
89 56
63 64
33 32
32 31
39 40
39 83
40 41
40 90
41 42
90 91
42 43
91 0
0 1
79 78
78 77
64 65
64 69
31 30
30 29
29 28
1 2
65 66
69 70
28 27
27 26
66 67
26 25
2 3
3 4
70 71
70 81
71 72
81 82
72 73
25 24
4 5
82 92
5 6
6 7
92 94
67 68
24 23
7 8
94 95
23 22
22 21
68 12
21 20
8 9
20 19
12 13
13 14
19 18
18 17