59 37 58 60 57 67 61 93 36 38 92 94 15 56 66 68 18 62 5 39 32 50 55 31 33 17 19 52 95 14 4 6 9 69 79 90 96 44 20 83 70 82 84 35 63 28 30 43 3 75 78 97 2 53 11 71 12 89 27 77 88 23 26 74
59 37
59 58
59 60
37 36
37 38
58 57
58 67
60 61
60 93
57 15
57 56
67 66
67 68
61 18
61 62
93 92
93 94
36 35
38 5
38 39
92 32
94 52
94 95
15 14
56 50
56 55
66 79
68 9
68 69
18 17
18 19
62 63
62 75
5 4
5 6
32 31
32 33
31 28
31 30
17 44
19 20
19 83
52 53
95 90
95 96
14 43
4 3
6 11
69 70
79 78
90 89
96 97
83 82
83 84
70 71
28 27
3 2
75 74
78 77
78 88
53 23
11 12
27 26