56 51 55 50 52 53 57 49 59 48 60 47 62 46 63 64 67 45 65 68 44 43 69 42 72 70 41 40 73 39 74 38 37 36 75 76 35 77 79 34 80 33 81 82 32 83 31 84 30 29 85 27 86 25 24 26 87 23 88 89 90 22 91 19 92 93 18 94 17 95 96 13 97 12 10 14 98 9 15 0 1 2 5 3 7
56 51
56 55
51 50
51 52
55 57
50 49
50 59
52 53
49 48
59 60
48 47
60 62
47 46
62 63
62 64
46 45
63 67
64 65
67 68
45 44
68 69
44 43
43 42
69 72
69 70
42 41
72 73
41 40
40 39
73 74
39 38
74 75
74 76
38 37
37 36
36 35
75 77
35 34
77 79
79 80
34 33
80 81
33 32
81 82
82 83
32 31
83 84
31 30
84 85
30 29
29 27
85 86
27 25
86 87
25 24
25 26
24 23
87 88
23 22
88 89
89 90
90 91
22 19
91 92
19 18
92 93
93 94
18 17
94 95
17 13
95 96
96 97
13 12
97 98
12 10
12 14
10 9
14 15
9 0
0 1
0 2
2 5
2 3
5 7