42 39 40 41 43 46 47 44 45 48 37 38 49 36 35 50 53 54 51 52 32 33 34 55 30 56 29 28 57 60 61 58 59 25 62 63 22 21 64 67 68 65 66 18 69 70 15 14 71 74 73 11 77 8 7 78 81 6 2 84 85 88 91 92 95 98
42 39
42 40
42 41
42 43
42 45
39 36
41 37
41 38
43 46
46 47
46 49
47 44
44 48
49 50
49 52
36 35
35 32
35 33
35 34
50 53
53 54
53 56
54 51
51 55
32 29
34 30
56 57
56 59
29 28
28 25
57 60
60 61
60 63
61 58
58 62
25 22
63 64
63 66
22 21
21 18
64 67
67 68
67 70
68 65
65 69
18 15
70 71
70 73
15 14
14 11
71 74
74 77
11 8
77 78
8 7
7 6
78 81
81 84
6 2
84 85
85 88
88 91
91 92
92 95
95 98