57 10 48 73 93 90 56 67 14 98 24 55 76 21 40 25 53 79 16 38 13 88 7 44 99 59 85 11 17 60 70 15 75 52 22 9 36 47 43 18 4 5 37 49 8 6 78 20 83 31 0 30 19 77 95 68 91 92 61 69
57 10
57 48
57 73
57 93
57 90
10 56
10 55
48 7
48 44
48 99
73 16
73 38
93 22
90 21
90 40
56 67
56 76
67 14
67 98
67 52
14 68
14 69
98 24
55 25
55 53
55 79
76 17
21 13
21 88
40 5
25 0
25 30
53 9
53 36
79 18
16 75
38 4
88 59
88 85
7 47
44 6
44 83
59 11
85 20
11 60
17 78
17 77
60 70
60 31
70 15
22 91
22 92
47 43
4 37
37 49
37 61
49 8
78 95
83 19