39 38 30 40 37 29 25 31 41 74 73 36 26 32 48 72 56 71 55 57 35 47 49 70 58 50 64 51 69 59 54 63 65 52 44 18 68 60 53 62 66 99 17 19 98 16 12 10 20 97 81 15 13 9 21 14 24 8 2 96 80 82 5 95 89 76 94 88 90 77 87
39 38
39 30
39 40
38 37
38 29
30 25
30 31
40 41
40 74
37 36
25 26
31 32
31 48
74 73
73 72
73 56
36 35
48 47
48 49
72 71
56 55
56 57
71 70
71 58
55 50
55 64
57 51
35 44
49 18
70 69
58 59
50 54
64 63
64 65
51 52
69 68
69 60
54 53
63 62
65 66
65 99
18 17
18 19
99 98
17 16
17 12
19 10
19 20
98 97
98 81
16 15
12 13
10 9
20 21
97 96
81 80
81 82
15 14
15 24
9 8
9 2
14 5
96 95
80 89
82 76
95 94
89 88
89 90
76 77
88 87