15 14 16 17 13 18 12 19 11 20 10 21 22 23 9 24 25 8 26 27 7 28 6 29 30 5 31 4 32 33 3 34 2 35 1 0 99 36 98 97 37 96 38 95 39 94 40 93 92 91 41 42 90 43 89 88 44 87 86 85 84 83 45 46 47 82 81 48 80 79 78 49 50 51 77 52 53 54 55 56 57 76 75 58 74 73 72 71 59 60 61 62 63 70 69 64 68 67
15 14
15 16
14 13
16 17
17 18
13 12
18 19
12 11
19 20
11 10
20 21
10 9
21 22
22 23
23 24
9 8
24 25
25 26
8 7
26 27
27 28
7 6
28 29
6 5
29 30
30 31
5 4
31 32
4 3
32 33
33 34
3 2
34 35
2 1
35 36
1 0
0 99
99 98
36 37
98 97
97 96
37 38
96 95
38 39
95 94
39 40
94 93
40 41
93 92
92 91
91 90
41 42
42 43
90 89
43 44
89 88
88 87
44 45
87 86
86 85
85 84
84 83
83 82
45 46
46 47
47 48
82 81
81 80
48 49
80 79
79 78
78 77
49 50
50 51
51 52
77 76
52 53
53 54
54 55
55 56
56 57
57 58
76 75
75 74
58 59
74 73
73 72
72 71
71 70
59 60
60 61
61 62
62 63
63 64
70 69
69 68
68 67