11 5 23 24 2 12 25 0 6 26 27 37 1 13 14 30 50 51 28 29 31 36 77 78 75 76 3 4 32 33 34 35 7 8 9 10 48 49 42 43 44 45 73 74 71 72 60 61 65 66 38 39 40 41 95 96 98 56 57 54 55 62 52 53 46 47 58 59
11 5
11 23
11 24
5 2
5 12
24 25
2 0
2 6
25 26
25 27
25 37
0 1
6 13
6 14
26 28
26 29
27 31
37 30
37 50
37 51
1 3
1 4
30 36
50 75
50 76
51 77
51 78
28 32
28 33
29 34
29 35
31 38
31 39
36 48
36 49
3 7
3 8
4 9
4 10
32 40
32 41
33 42
33 43
34 44
34 45
35 46
35 47
48 71
48 72
49 73
49 74
42 60
42 61
43 62
45 65
45 66
60 95
60 96
61 98
38 52
38 53
39 54
39 55
40 56
40 57
41 58
41 59