2 1 3 4 5 0 99 6 98 97 7 96 8 95 9 10 94 11 12 93 13 92 14 15 91 16 90 17 89 18 88 19 87 20 21 86 22 85 23 84 24 25 26 83 82 27 81 28 80 29 30 79 31 32 33 34 78 77 35 76 36 75 37 74 38 73 39 72 40 71 41 70 42 43 69 44 45 46 68 47 48 49 50 51 67 66 52 65 53 64 54 63 62 55 61 56 57 58
2 1
2 3
1 0
1 99
3 4
4 5
5 6
99 98
6 7
98 97
97 96
7 8
96 95
8 9
95 94
9 10
10 11
94 93
11 12
12 13
93 92
13 14
92 91
14 15
15 16
91 90
16 17
90 89
17 18
89 88
18 19
88 87
19 20
87 86
20 21
21 22
86 85
22 23
85 84
23 24
84 83
24 25
25 26
26 27
83 82
82 81
27 28
81 80
28 29
80 79
29 30
30 31
79 78
31 32
32 33
33 34
34 35
78 77
77 76
35 36
76 75
36 37
75 74
37 38
74 73
38 39
73 72
39 40
72 71
40 41
71 70
41 42
70 69
42 43
43 44
69 68
44 45
45 46
46 47
68 67
47 48
48 49
49 50
50 51
51 52
67 66
66 65
52 53
65 64
53 54
64 63
54 55
63 62
62 61
55 56
56 57
57 58