5 6 8 9 55 58 57 59 56 64 90 89 63 60 61 62 85 88 28 7 96 86 91 94 19 87 77 34 11 20 1 25 29 27 22 23 21 42 74 92 93 66 26 69 67 68 75 95 12 53 2 35 32 18 48 44 82 83 45 39 50
5 6
5 8
5 9
5 55
6 34
8 7
8 96
9 89
55 58
55 57
58 59
57 64
59 56
56 90
64 63
64 62
90 91
90 94
90 19
89 85
89 28
63 60
63 11
60 61
60 1
62 42
62 74
85 88
85 86
88 87
28 25
28 27
96 95
86 77
91 66
94 92
19 18
19 48
87 20
34 32
11 12
11 53
20 22
20 23
25 29
29 26
22 21
21 82
74 44
92 93
93 2
66 69
26 75
69 67
67 68
68 35
35 39
48 45
82 83
39 50