93 92 94 91 95 90 89 96 88 97 87 98 86 85 99 84 0 83 1 82 2 81 3 80 4 79 78 5 6 77 76 75 7 74 8 73 72 9 10 11 71 70 69 68 12 67 13 66 14 65 15 64 16 17 63 18 62 19 61 20 60 21 59 22 23 24 58 25 57 56 26 55 27 28 29 54 53 30 52 31 51 32 33 50 34 49 48 35 47 46 36 45 37 38 44 39 43 40
93 92
93 94
92 91
94 95
91 90
95 96
90 89
89 88
96 97
88 87
97 98
87 86
98 99
86 85
85 84
99 0
84 83
0 1
83 82
1 2
82 81
2 3
81 80
3 4
80 79
4 5
79 78
78 77
5 6
6 7
77 76
76 75
75 74
7 8
74 73
8 9
73 72
72 71
9 10
10 11
11 12
71 70
70 69
69 68
68 67
12 13
67 66
13 14
66 65
14 15
65 64
15 16
64 63
16 17
17 18
63 62
18 19
62 61
19 20
61 60
20 21
60 59
21 22
59 58
22 23
23 24
24 25
58 57
25 26
57 56
56 55
26 27
55 54
27 28
28 29
29 30
54 53
53 52
30 31
52 51
31 32
51 50
32 33
33 34
50 49
34 35
49 48
48 47
35 36
47 46
46 45
36 37
45 44
37 38
38 39
44 43
39 40