52 53 48 50 54 47 56 59 42 41 44 60 62 64 65 37 40 36 38 66 35 68 71 70 72 74 76 77 30 78 29 32 24 80 82 83 23 26 84 22 20 18 86 89 85 90 17 12 16 92 94 14 11 6 8 4 0 2
52 53
52 50
53 48
53 54
48 47
54 56
54 59
47 42
59 60
42 41
42 44
41 37
60 62
60 64
60 65
65 66
37 40
40 36
36 38
36 35
66 68
66 71
35 30
71 70
71 72
72 74
72 76
72 77
77 78
30 29
30 32
78 80
78 82
78 83
29 24
24 23
24 26
83 84
23 22
84 86
84 89
22 20
20 18
18 17
89 85
89 90
90 92
17 12
17 16
12 14
12 11
92 94
11 6
6 8
6 4
4 0
0 2