37 22 63 14 66 85 18 24 75 57 55 12 74 35 52 44 45 46 40 58 13 89 77 64 65 76 21 23 43 49 48 71 82 83 78 10 80 69 96 98 47 95 19 30 33 50 73 3 4 32 27 36 25 62 56 67 5 29 1
37 22
22 63
22 46
63 14
14 66
14 24
14 52
66 85
66 78
66 96
85 18
85 10
18 40
18 25
18 62
24 75
24 12
24 77
24 21
24 23
75 57
75 74
57 55
57 76
57 4
12 13
74 35
74 33
52 44
52 43
52 71
52 83
44 45
45 49
45 98
40 58
58 1
13 89
13 3
77 64
64 65
65 47
43 48
43 82
49 5
48 27
48 36
78 19
78 30
10 80
10 95
80 69
96 50
95 73
33 32
50 56
50 67
62 29