93 90 91 0 84 85 74 75 72 73 86 87 51 25 76 77 78 79 92 60 52 63 26 56 28 31 54 12 15 48 59 88 89 82 83 80 81 6 68 69 42 40 66 67 36 70 71 64 65 39 35 33 21 45 46 16 19 22 10 3 8 5
93 90
93 91
93 0
90 84
90 85
91 86
91 87
0 92
84 72
84 73
85 74
85 75
74 52
75 54
72 48
73 51
86 76
86 77
87 78
87 79
51 25
25 12
76 56
77 59
78 60
79 63
92 88
92 89
52 26
63 31
56 28
31 15
12 6
88 80
88 81
89 82
89 83
82 68
82 69
83 70
83 71
80 64
80 65
81 66
81 67
6 3
68 40
69 42
42 21
66 36
67 39
70 45
71 46
64 33
65 35
39 19
33 16
21 10
45 22
16 8
10 5