58 50 51 52 56 57 59 53 40 60 55 63 54 64 61 67 65 66 68 69 99 76 39 30 27 31 29 38 26 32 37 41 43 44 25 33 15 34 28 75 77 78 80 88 46 47 35 85 36 81 89 14 42 91 93 5 2 6 4 13 1 7 12 16 18 19 11 17
58 50
50 51
50 59
51 52
51 53
52 56
52 55
52 54
56 57
53 40
53 60
40 39
60 61
55 63
55 64
63 66
63 68
63 69
64 65
61 67
65 99
65 76
76 75
76 77
76 78
39 30
30 27
30 38
27 31
27 29
27 26
31 32
38 37
38 41
38 43
38 44
26 25
26 15
26 34
26 28
37 36
41 46
41 47
25 33
15 14
28 35
77 80
77 81
78 85
80 88
80 89
88 91
88 93
36 42
14 5
5 2
5 13
2 6
2 4
2 1
6 7
13 12
13 16
13 18
13 19
12 11
11 17