5 6 14 4 15 23 16 25 26 24 35 46 45 56 44 27 33 3 2 7 53 32 8 28 67 41 42 1 57 66 68 98 76 88 30 31 40 50 51 52 60 71 62 70 72 80 84 81 90 82 0 83 92 93 10 74 20 43 21 64 94 85 54 48 58 86 89 69 59 49
5 6
5 14
6 7
14 4
14 15
14 23
4 3
15 16
15 25
15 26
16 27
25 24
25 35
24 33
35 46
46 45
46 56
45 44
56 67
44 53
27 8
27 28
33 32
3 2
2 1
32 41
32 42
67 57
67 66
67 68
67 98
41 30
41 31
41 40
41 50
41 51
41 52
1 0
57 48
66 76
98 88
76 86
88 89
50 60
52 43
60 71
71 62
71 70
71 72
71 80
72 84
80 81
80 90
84 74
81 82
82 83
0 10
83 92
83 93
93 94
10 20
74 64
20 21
64 54
94 85
48 58
58 69
69 59
59 49