73 16 29 62 0 22 74 75 42 86 1 28 96 12 46 65 20 83 88 30 34 3 61 69 63 5 31 77 64 13 21 98 23 51 57 7 52 72 10 40 41 91 79 89 37 4 85 87 8 95 33 17 44 47 19 60 15 92 9
73 16
73 29
73 62
16 0
16 22
16 74
16 75
29 1
29 28
62 12
62 46
62 65
22 92
74 42
74 86
75 96
42 5
42 31
42 77
42 64
86 20
86 83
86 88
1 30
96 23
96 51
96 57
12 61
12 63
46 7
46 52
65 13
65 72
20 85
20 87
83 19
88 21
88 91
30 34
34 3
61 69
61 98
63 33
5 40
5 41
77 17
21 89
23 95
51 79
51 8
57 10
7 47
52 9
72 15
40 60
89 37
37 4
85 44